2025-02-10 10:13:59 - scripts.facebook - ERROR - Erro ao postar imagem no álbum: Redirect response '301 Moved Permanently' for url 'https://facebook.com/v21.0/552312297848199/photos'
Redirect location: 'https://www.facebook.com/v21.0/552312297848199/photos'
For more information check: https://developer.mozilla.org/en-US/docs/Web/HTTP/Status/301
Traceback (most recent call last):
  File "/home/runner/work/EFIO-PYTHON/EFIO-PYTHON/scripts/facebook.py", line 160, in upload_image_to_album
    response.raise_for_status()
    ~~~~~~~~~~~~~~~~~~~~~~~~~^^
  File "/opt/hostedtoolcache/Python/3.13.1/x64/lib/python3.13/site-packages/httpx/_models.py", line 829, in raise_for_status
    raise HTTPStatusError(message, request=request, response=self)
httpx.HTTPStatusError: Redirect response '301 Moved Permanently' for url 'https://facebook.com/v21.0/552312297848199/photos'
Redirect location: 'https://www.facebook.com/v21.0/552312297848199/photos'
For more information check: https://developer.mozilla.org/en-US/docs/Web/HTTP/Status/301
2025-02-10 10:13:59 - scripts.facebook - ERROR - Erro ao postar imagem no álbum: Redirect response '301 Moved Permanently' for url 'https://facebook.com/v21.0/552312297848199/photos'
Redirect location: 'https://www.facebook.com/v21.0/552312297848199/photos'
For more information check: https://developer.mozilla.org/en-US/docs/Web/HTTP/Status/301
Traceback (most recent call last):
  File "/home/runner/work/EFIO-PYTHON/EFIO-PYTHON/scripts/facebook.py", line 160, in upload_image_to_album
    response.raise_for_status()
    ~~~~~~~~~~~~~~~~~~~~~~~~~^^
  File "/opt/hostedtoolcache/Python/3.13.1/x64/lib/python3.13/site-packages/httpx/_models.py", line 829, in raise_for_status
    raise HTTPStatusError(message, request=request, response=self)
httpx.HTTPStatusError: Redirect response '301 Moved Permanently' for url 'https://facebook.com/v21.0/552312297848199/photos'
Redirect location: 'https://www.facebook.com/v21.0/552312297848199/photos'
For more information check: https://developer.mozilla.org/en-US/docs/Web/HTTP/Status/301
